<?xml version="1.0" encoding="UTF-8"?>
<!-- Generated by org.testng.reporters.JUnitReportReporter -->
<testsuite hostname="Gourav" name="Practice.DemoTest" tests="1" failures="0" timestamp="10 Dec 2021 11:31:31 GMT" time="0.024" errors="0">
  <testcase name="CreateTest" time="0.024" classname="Practice.DemoTest"/>
</testsuite> <!-- Practice.DemoTest -->
